2012-01-30 10:31:23,161 [Worker-2] INFO  o.e.m.c.i.i.nexus.NexusIndexManager - Updating index for repository: central|http://repo1.maven.org/maven2
2012-01-30 10:31:30,655 [ModalContext] WARN  o.e.m.i.discovery.MavenDiscovery - CatalogItem org.eclipse.m2e.discovery.lifecyclemapping.m2e-egit does not contain lifecycle mapping metadata
2012-01-30 10:31:30,658 [ModalContext] WARN  o.e.m.i.discovery.MavenDiscovery - CatalogItem org.eclipse.m2e.discovery.lifecyclemapping.m2e-cvs does not contain lifecycle mapping metadata
2012-01-30 10:31:30,659 [ModalContext] WARN  o.e.m.i.discovery.MavenDiscovery - CatalogItem org.eclipse.m2e.discovery.lifecyclemapping.m2e-subversive does not contain lifecycle mapping metadata
2012-01-30 10:31:30,714 [ModalContext] WARN  o.e.m.i.discovery.MavenDiscovery - CatalogItem org.eclipse.m2e.discovery.lifecyclemapping.m2e-subclipse does not contain lifecycle mapping metadata
2012-01-30 10:31:30,715 [ModalContext] WARN  o.e.m.i.discovery.MavenDiscovery - CatalogItem org.eclipse.m2e.discovery.maven-runtime-3.0.3 does not contain lifecycle mapping metadata
2012-01-30 10:31:30,728 [ModalContext] WARN  o.e.m.i.discovery.MavenDiscovery - CatalogItem org.codehaus.groovy.m2eclipse does not contain lifecycle mapping metadata
2012-01-30 10:31:37,463 [Worker-4] INFO  o.e.m.c.i.l.LifecycleMappingFactory - Using org.eclipse.m2e.jdt.JarLifecycleMapping lifecycle mapping for MavenProject: net.juniper.bndtools:api:0.0.1-SNAPSHOT @ /Users/ravi/projects/BNDToolsDependencyTest/api/pom.xml.
2012-01-30 10:31:38,217 [Worker-4] INFO  o.e.m.j.i.AbstractJavaProjectConfigurator - Adding source folder /api/src/main/java
2012-01-30 10:31:38,283 [Worker-4] INFO  o.e.m.j.i.AbstractJavaProjectConfigurator - Adding source folder /api/src/test/java
2012-01-30 10:31:39,249 [Worker-3] INFO  o.e.m.c.i.l.LifecycleMappingFactory - Using org.eclipse.m2e.jdt.JarLifecycleMapping lifecycle mapping for MavenProject: net.juniper.bndtools:api:0.0.1-SNAPSHOT @ /Users/ravi/projects/BNDToolsDependencyTest/api/pom.xml.
2012-01-30 10:31:40,390 [Worker-4] WARN  o.e.m.c.i.embedder.EclipseLogger - Manifest net.juniper.bndtools:api:bundle:0.0.1-SNAPSHOT : Instructions in Private-Package, or -testpackages that are never used: org\.example
Classpath: Jar:.,Jar:bndlib,Jar:org.osgi.core,Jar:org.osgi.compendium,Jar:classes

2012-01-30 10:31:40,392 [Worker-4] ERROR o.e.m.c.i.embedder.EclipseLogger - Manifest net.juniper.bndtools:api:bundle:0.0.1-SNAPSHOT : The JAR is empty: dot
2012-01-30 10:31:40,393 [Worker-4] ERROR o.e.m.c.i.embedder.EclipseLogger - Error(s) found in manifest configuration
2012-01-30 10:31:40,574 [Worker-4] INFO  o.e.m.c.i.p.ProjectConfigurationManager - Project import completed 7 sec
2012-01-30 10:31:47,779 [Worker-11] INFO  o.e.m.c.u.i.UpdateConfigurationJob - Update started
2012-01-30 10:31:47,780 [Worker-11] INFO  o.e.m.c.u.i.UpdateConfigurationJob - Update completed: 0 sec
2012-01-30 10:32:00,391 [Worker-3] INFO  o.e.m.c.i.l.LifecycleMappingFactory - Using org.eclipse.m2e.jdt.JarLifecycleMapping lifecycle mapping for MavenProject: net.juniper.bndtools:api:0.0.1-SNAPSHOT @ /Users/ravi/projects/BNDToolsDependencyTest/api/pom.xml.
2012-01-30 10:32:00,558 [Worker-3] INFO  o.e.m.c.i.embedder.EclipseLogger - Using 'UTF-8' encoding to copy filtered resources.
2012-01-30 10:32:00,558 [Worker-3] INFO  o.e.m.c.i.embedder.EclipseLogger - skip non existing resourceDirectory /Users/ravi/projects/BNDToolsDependencyTest/api/src/main/resources
2012-01-30 10:32:00,561 [Worker-3] INFO  o.e.m.c.i.embedder.EclipseLogger - Using 'UTF-8' encoding to copy filtered resources.
2012-01-30 10:32:00,561 [Worker-3] INFO  o.e.m.c.i.embedder.EclipseLogger - skip non existing resourceDirectory /Users/ravi/projects/BNDToolsDependencyTest/api/src/test/resources
2012-01-30 10:32:00,739 [Worker-3] WARN  o.e.m.c.i.embedder.EclipseLogger - Manifest net.juniper.bndtools:api:bundle:0.0.1-SNAPSHOT : Split package org/example
Use directive -split-package:=(merge-first|merge-last|error|first) on Export/Private Package instruction to get rid of this warning
Package found in   [Jar:., Jar:classes]
Reference from     /Users/ravi/projects/BNDToolsDependencyTest/api/target/classes
Classpath          [Jar:., Jar:bndlib, Jar:org.osgi.core, Jar:org.osgi.compendium, Jar:classes]
2012-01-30 10:32:30,879 [Worker-2] INFO  o.e.m.c.i.i.nexus.NexusIndexManager - Updated index for repository: central|http://repo1.maven.org/maven2 in 67787 ms
2012-01-30 10:34:30,519 [Worker-11] INFO  o.e.m.c.i.embedder.EclipseLogger - Using 'UTF-8' encoding to copy filtered resources.
2012-01-30 10:34:30,519 [Worker-11] INFO  o.e.m.c.i.embedder.EclipseLogger - skip non existing resourceDirectory /Users/ravi/projects/BNDToolsDependencyTest/api/src/main/resources
2012-01-30 10:34:30,521 [Worker-11] INFO  o.e.m.c.i.embedder.EclipseLogger - Using 'UTF-8' encoding to copy filtered resources.
2012-01-30 10:34:30,521 [Worker-11] INFO  o.e.m.c.i.embedder.EclipseLogger - skip non existing resourceDirectory /Users/ravi/projects/BNDToolsDependencyTest/api/src/test/resources
2012-01-30 10:34:30,664 [Worker-11] WARN  o.e.m.c.i.embedder.EclipseLogger - Manifest net.juniper.bndtools:api:bundle:0.0.1-SNAPSHOT : Split package org/example
Use directive -split-package:=(merge-first|merge-last|error|first) on Export/Private Package instruction to get rid of this warning
Package found in   [Jar:., Jar:classes]
Reference from     /Users/ravi/projects/BNDToolsDependencyTest/api/target/classes
Classpath          [Jar:., Jar:bndlib, Jar:org.osgi.core, Jar:org.osgi.compendium, Jar:classes]
2012-01-30 10:34:31,745 [Worker-2] INFO  o.e.m.c.i.embedder.EclipseLogger - Using 'UTF-8' encoding to copy filtered resources.
2012-01-30 10:34:31,745 [Worker-2] INFO  o.e.m.c.i.embedder.EclipseLogger - skip non existing resourceDirectory /Users/ravi/projects/BNDToolsDependencyTest/api/src/main/resources
2012-01-30 10:34:31,746 [Worker-2] INFO  o.e.m.c.i.embedder.EclipseLogger - Using 'UTF-8' encoding to copy filtered resources.
2012-01-30 10:34:31,747 [Worker-2] INFO  o.e.m.c.i.embedder.EclipseLogger - skip non existing resourceDirectory /Users/ravi/projects/BNDToolsDependencyTest/api/src/test/resources
2012-01-30 10:34:38,700 [Worker-3] INFO  o.e.m.c.i.embedder.EclipseLogger - Using 'UTF-8' encoding to copy filtered resources.
2012-01-30 10:34:38,701 [Worker-3] INFO  o.e.m.c.i.embedder.EclipseLogger - skip non existing resourceDirectory /Users/ravi/projects/BNDToolsDependencyTest/api/src/main/resources
2012-01-30 10:34:38,702 [Worker-3] INFO  o.e.m.c.i.embedder.EclipseLogger - Using 'UTF-8' encoding to copy filtered resources.
2012-01-30 10:34:38,702 [Worker-3] INFO  o.e.m.c.i.embedder.EclipseLogger - skip non existing resourceDirectory /Users/ravi/projects/BNDToolsDependencyTest/api/src/test/resources
2012-01-30 10:34:47,135 [Worker-2] INFO  o.e.m.c.i.embedder.EclipseLogger - Using 'UTF-8' encoding to copy filtered resources.
2012-01-30 10:34:47,135 [Worker-2] INFO  o.e.m.c.i.embedder.EclipseLogger - skip non existing resourceDirectory /Users/ravi/projects/BNDToolsDependencyTest/api/src/main/resources
2012-01-30 10:34:47,136 [Worker-2] INFO  o.e.m.c.i.embedder.EclipseLogger - Using 'UTF-8' encoding to copy filtered resources.
2012-01-30 10:34:47,136 [Worker-2] INFO  o.e.m.c.i.embedder.EclipseLogger - skip non existing resourceDirectory /Users/ravi/projects/BNDToolsDependencyTest/api/src/test/resources
2012-01-30 10:39:38,097 [Worker-13] INFO  o.e.m.c.i.embedder.EclipseLogger - Using 'UTF-8' encoding to copy filtered resources.
2012-01-30 10:39:38,097 [Worker-13] INFO  o.e.m.c.i.embedder.EclipseLogger - skip non existing resourceDirectory /Users/ravi/projects/BNDToolsDependencyTest/api/src/main/resources
2012-01-30 10:39:38,099 [Worker-13] INFO  o.e.m.c.i.embedder.EclipseLogger - Using 'UTF-8' encoding to copy filtered resources.
2012-01-30 10:39:38,099 [Worker-13] INFO  o.e.m.c.i.embedder.EclipseLogger - skip non existing resourceDirectory /Users/ravi/projects/BNDToolsDependencyTest/api/src/test/resources
2012-01-30 10:39:38,389 [Worker-13] WARN  o.e.m.c.i.embedder.EclipseLogger - Manifest net.juniper.bndtools:api:bundle:0.0.1-SNAPSHOT : Instructions in Private-Package, or -testpackages that are never used: org\.example
Classpath: Jar:.,Jar:bndlib,Jar:org.osgi.core,Jar:org.osgi.compendium,Jar:classes

2012-01-30 10:40:05,110 [Worker-3] INFO  o.e.m.c.i.embedder.EclipseLogger - Using 'UTF-8' encoding to copy filtered resources.
2012-01-30 10:40:05,110 [Worker-3] INFO  o.e.m.c.i.embedder.EclipseLogger - skip non existing resourceDirectory /Users/ravi/projects/BNDToolsDependencyTest/api/src/main/resources
2012-01-30 10:40:05,112 [Worker-3] INFO  o.e.m.c.i.embedder.EclipseLogger - Using 'UTF-8' encoding to copy filtered resources.
2012-01-30 10:40:05,112 [Worker-3] INFO  o.e.m.c.i.embedder.EclipseLogger - skip non existing resourceDirectory /Users/ravi/projects/BNDToolsDependencyTest/api/src/test/resources
2012-01-30 10:40:11,312 [Worker-1] INFO  o.e.m.c.i.l.LifecycleMappingFactory - Using org.eclipse.m2e.jdt.JarLifecycleMapping lifecycle mapping for MavenProject: net.juniper.bndtools:net.juniper.bndtools.api:0.0.1-SNAPSHOT @ /Users/ravi/projects/BNDToolsDependencyTest/api/pom.xml.
2012-01-30 10:40:11,404 [Worker-1] INFO  o.e.m.c.i.embedder.EclipseLogger - Using 'UTF-8' encoding to copy filtered resources.
2012-01-30 10:40:11,404 [Worker-1] INFO  o.e.m.c.i.embedder.EclipseLogger - skip non existing resourceDirectory /Users/ravi/projects/BNDToolsDependencyTest/api/src/main/resources
2012-01-30 10:40:11,408 [Worker-1] INFO  o.e.m.c.i.embedder.EclipseLogger - Using 'UTF-8' encoding to copy filtered resources.
2012-01-30 10:40:11,408 [Worker-1] INFO  o.e.m.c.i.embedder.EclipseLogger - skip non existing resourceDirectory /Users/ravi/projects/BNDToolsDependencyTest/api/src/test/resources
2012-01-30 10:48:28,977 [Worker-2] INFO  o.e.m.c.i.l.LifecycleMappingFactory - Using org.eclipse.m2e.jdt.JarLifecycleMapping lifecycle mapping for MavenProject: net.juniper.bndtools:impl:0.0.1-SNAPSHOT @ /Users/ravi/projects/BNDToolsDependencyTest/impl/pom.xml.
2012-01-30 10:48:29,066 [Worker-2] INFO  o.e.m.j.i.AbstractJavaProjectConfigurator - Adding source folder /impl/src/main/java
2012-01-30 10:48:29,070 [Worker-2] INFO  o.e.m.j.i.AbstractJavaProjectConfigurator - Adding source folder /impl/src/test/java
2012-01-30 10:48:29,159 [Worker-2] WARN  o.e.m.c.i.embedder.EclipseLogger - Manifest net.juniper.bndtools:impl:bundle:0.0.1-SNAPSHOT : Instructions in Private-Package, or -testpackages that are never used: org\.example
Classpath: Jar:.,Jar:bndlib,Jar:org.osgi.core,Jar:org.osgi.compendium,Jar:classes

2012-01-30 10:48:29,160 [Worker-2] ERROR o.e.m.c.i.embedder.EclipseLogger - Manifest net.juniper.bndtools:impl:bundle:0.0.1-SNAPSHOT : The JAR is empty: dot
2012-01-30 10:48:29,161 [Worker-2] ERROR o.e.m.c.i.embedder.EclipseLogger - Error(s) found in manifest configuration
2012-01-30 10:48:29,220 [Worker-2] INFO  o.e.m.c.i.p.ProjectConfigurationManager - Project import completed 0 sec
2012-01-30 10:48:29,258 [Worker-15] INFO  o.e.m.c.u.i.UpdateConfigurationJob - Update started
2012-01-30 10:48:29,258 [Worker-15] INFO  o.e.m.c.u.i.UpdateConfigurationJob - Update completed: 0 sec
2012-01-30 10:48:29,676 [Worker-3] INFO  o.e.m.c.i.l.LifecycleMappingFactory - Using org.eclipse.m2e.jdt.JarLifecycleMapping lifecycle mapping for MavenProject: net.juniper.bndtools:impl:0.0.1-SNAPSHOT @ /Users/ravi/projects/BNDToolsDependencyTest/impl/pom.xml.
2012-01-30 10:48:29,732 [Worker-3] INFO  o.e.m.c.i.embedder.EclipseLogger - Using 'UTF-8' encoding to copy filtered resources.
2012-01-30 10:48:29,732 [Worker-3] INFO  o.e.m.c.i.embedder.EclipseLogger - skip non existing resourceDirectory /Users/ravi/projects/BNDToolsDependencyTest/impl/src/main/resources
2012-01-30 10:48:29,733 [Worker-3] INFO  o.e.m.c.i.embedder.EclipseLogger - Using 'UTF-8' encoding to copy filtered resources.
2012-01-30 10:48:29,733 [Worker-3] INFO  o.e.m.c.i.embedder.EclipseLogger - skip non existing resourceDirectory /Users/ravi/projects/BNDToolsDependencyTest/impl/src/test/resources
2012-01-30 10:48:29,817 [Worker-3] WARN  o.e.m.c.i.embedder.EclipseLogger - Manifest net.juniper.bndtools:impl:bundle:0.0.1-SNAPSHOT : Split package org/example
Use directive -split-package:=(merge-first|merge-last|error|first) on Export/Private Package instruction to get rid of this warning
Package found in   [Jar:., Jar:classes]
Reference from     /Users/ravi/projects/BNDToolsDependencyTest/impl/target/classes
Classpath          [Jar:., Jar:bndlib, Jar:org.osgi.core, Jar:org.osgi.compendium, Jar:classes]
2012-01-30 10:48:30,306 [Worker-14] INFO  o.e.m.c.i.l.LifecycleMappingFactory - Using org.eclipse.m2e.jdt.JarLifecycleMapping lifecycle mapping for MavenProject: net.juniper.bndtools:impl:0.0.1-SNAPSHOT @ /Users/ravi/projects/BNDToolsDependencyTest/impl/pom.xml.
2012-01-30 10:48:30,893 [Worker-2] INFO  o.e.m.c.i.embedder.EclipseLogger - Using 'UTF-8' encoding to copy filtered resources.
2012-01-30 10:48:30,894 [Worker-2] INFO  o.e.m.c.i.embedder.EclipseLogger - skip non existing resourceDirectory /Users/ravi/projects/BNDToolsDependencyTest/impl/src/main/resources
2012-01-30 10:48:30,895 [Worker-2] INFO  o.e.m.c.i.embedder.EclipseLogger - Using 'UTF-8' encoding to copy filtered resources.
2012-01-30 10:48:30,895 [Worker-2] INFO  o.e.m.c.i.embedder.EclipseLogger - skip non existing resourceDirectory /Users/ravi/projects/BNDToolsDependencyTest/impl/src/test/resources
2012-01-30 10:49:07,498 [Worker-14] INFO  o.e.m.c.i.embedder.EclipseLogger - Using 'UTF-8' encoding to copy filtered resources.
2012-01-30 10:49:07,499 [Worker-14] INFO  o.e.m.c.i.embedder.EclipseLogger - skip non existing resourceDirectory /Users/ravi/projects/BNDToolsDependencyTest/api/src/main/resources
2012-01-30 10:49:07,501 [Worker-14] INFO  o.e.m.c.i.embedder.EclipseLogger - Using 'UTF-8' encoding to copy filtered resources.
2012-01-30 10:49:07,501 [Worker-14] INFO  o.e.m.c.i.embedder.EclipseLogger - skip non existing resourceDirectory /Users/ravi/projects/BNDToolsDependencyTest/api/src/test/resources
2012-01-30 10:49:18,264 [Worker-2] INFO  o.e.m.c.i.embedder.EclipseLogger - Using 'UTF-8' encoding to copy filtered resources.
2012-01-30 10:49:18,264 [Worker-2] INFO  o.e.m.c.i.embedder.EclipseLogger - skip non existing resourceDirectory /Users/ravi/projects/BNDToolsDependencyTest/api/src/main/resources
2012-01-30 10:49:18,266 [Worker-2] INFO  o.e.m.c.i.embedder.EclipseLogger - Using 'UTF-8' encoding to copy filtered resources.
2012-01-30 10:49:18,266 [Worker-2] INFO  o.e.m.c.i.embedder.EclipseLogger - skip non existing resourceDirectory /Users/ravi/projects/BNDToolsDependencyTest/api/src/test/resources
2012-01-30 10:54:46,946 [Worker-3] INFO  o.e.m.c.i.l.LifecycleMappingFactory - Using org.eclipse.m2e.jdt.JarLifecycleMapping lifecycle mapping for MavenProject: net.juniper.bndtools:impl:0.0.1-SNAPSHOT @ /Users/ravi/projects/BNDToolsDependencyTest/impl/pom.xml.
2012-01-30 10:54:47,041 [Worker-3] INFO  o.e.m.c.i.embedder.EclipseLogger - Using 'UTF-8' encoding to copy filtered resources.
2012-01-30 10:54:47,041 [Worker-3] INFO  o.e.m.c.i.embedder.EclipseLogger - skip non existing resourceDirectory /Users/ravi/projects/BNDToolsDependencyTest/impl/src/main/resources
2012-01-30 10:54:47,043 [Worker-3] INFO  o.e.m.c.i.embedder.EclipseLogger - Using 'UTF-8' encoding to copy filtered resources.
2012-01-30 10:54:47,043 [Worker-3] INFO  o.e.m.c.i.embedder.EclipseLogger - skip non existing resourceDirectory /Users/ravi/projects/BNDToolsDependencyTest/impl/src/test/resources
2012-01-30 10:54:47,138 [Worker-3] WARN  o.e.m.c.i.embedder.EclipseLogger - Manifest net.juniper.bndtools:impl:bundle:0.0.1-SNAPSHOT : Split package org/example
Use directive -split-package:=(merge-first|merge-last|error|first) on Export/Private Package instruction to get rid of this warning
Package found in   [Jar:., Jar:classes]
Reference from     /Users/ravi/projects/BNDToolsDependencyTest/impl/target/classes
Classpath          [Jar:., Jar:bndlib, Jar:org.osgi.core, Jar:org.osgi.compendium, Jar:net.juniper.bndtools.api, Jar:classes]
2012-01-30 10:54:48,374 [Worker-17] INFO  o.e.m.c.i.embedder.EclipseLogger - Using 'UTF-8' encoding to copy filtered resources.
2012-01-30 10:54:48,374 [Worker-17] INFO  o.e.m.c.i.embedder.EclipseLogger - skip non existing resourceDirectory /Users/ravi/projects/BNDToolsDependencyTest/impl/src/main/resources
2012-01-30 10:54:48,375 [Worker-17] INFO  o.e.m.c.i.embedder.EclipseLogger - Using 'UTF-8' encoding to copy filtered resources.
2012-01-30 10:54:48,375 [Worker-17] INFO  o.e.m.c.i.embedder.EclipseLogger - skip non existing resourceDirectory /Users/ravi/projects/BNDToolsDependencyTest/impl/src/test/resources
2012-01-30 10:54:48,466 [Worker-17] WARN  o.e.m.c.i.embedder.EclipseLogger - Manifest net.juniper.bndtools:impl:bundle:0.0.1-SNAPSHOT : Split package org/example
Use directive -split-package:=(merge-first|merge-last|error|first) on Export/Private Package instruction to get rid of this warning
Package found in   [Jar:., Jar:classes]
Reference from     /Users/ravi/projects/BNDToolsDependencyTest/impl/target/classes
Classpath          [Jar:., Jar:bndlib, Jar:org.osgi.core, Jar:org.osgi.compendium, Jar:net.juniper.bndtools.api, Jar:classes]
2012-01-30 10:55:58,684 [Worker-17] INFO  o.e.m.c.i.embedder.EclipseLogger - Using 'UTF-8' encoding to copy filtered resources.
2012-01-30 10:55:58,684 [Worker-17] INFO  o.e.m.c.i.embedder.EclipseLogger - skip non existing resourceDirectory /Users/ravi/projects/BNDToolsDependencyTest/impl/src/main/resources
2012-01-30 10:55:58,686 [Worker-17] INFO  o.e.m.c.i.embedder.EclipseLogger - Using 'UTF-8' encoding to copy filtered resources.
2012-01-30 10:55:58,687 [Worker-17] INFO  o.e.m.c.i.embedder.EclipseLogger - skip non existing resourceDirectory /Users/ravi/projects/BNDToolsDependencyTest/impl/src/test/resources
2012-01-30 10:56:02,757 [Worker-17] INFO  o.e.m.c.i.l.LifecycleMappingFactory - Using org.eclipse.m2e.jdt.JarLifecycleMapping lifecycle mapping for MavenProject: net.juniper.bndtools:net.juniper.bndtools.impl:0.0.1-SNAPSHOT @ /Users/ravi/projects/BNDToolsDependencyTest/impl/pom.xml.
2012-01-30 10:56:02,806 [Worker-17] INFO  o.e.m.c.i.embedder.EclipseLogger - Using 'UTF-8' encoding to copy filtered resources.
2012-01-30 10:56:02,806 [Worker-17] INFO  o.e.m.c.i.embedder.EclipseLogger - skip non existing resourceDirectory /Users/ravi/projects/BNDToolsDependencyTest/impl/src/main/resources
2012-01-30 10:56:02,808 [Worker-17] INFO  o.e.m.c.i.embedder.EclipseLogger - Using 'UTF-8' encoding to copy filtered resources.
2012-01-30 10:56:02,808 [Worker-17] INFO  o.e.m.c.i.embedder.EclipseLogger - skip non existing resourceDirectory /Users/ravi/projects/BNDToolsDependencyTest/impl/src/test/resources
2012-01-30 10:56:14,078 [Worker-16] INFO  o.e.m.c.i.embedder.EclipseLogger - Using 'UTF-8' encoding to copy filtered resources.
2012-01-30 10:56:14,078 [Worker-16] INFO  o.e.m.c.i.embedder.EclipseLogger - skip non existing resourceDirectory /Users/ravi/projects/BNDToolsDependencyTest/impl/src/main/resources
2012-01-30 10:56:14,080 [Worker-16] INFO  o.e.m.c.i.embedder.EclipseLogger - Using 'UTF-8' encoding to copy filtered resources.
2012-01-30 10:56:14,080 [Worker-16] INFO  o.e.m.c.i.embedder.EclipseLogger - skip non existing resourceDirectory /Users/ravi/projects/BNDToolsDependencyTest/impl/src/test/resources
2012-01-30 10:57:17,127 [Worker-14] INFO  o.e.m.c.i.embedder.EclipseLogger - Using 'UTF-8' encoding to copy filtered resources.
2012-01-30 10:57:17,127 [Worker-14] INFO  o.e.m.c.i.embedder.EclipseLogger - skip non existing resourceDirectory /Users/ravi/projects/BNDToolsDependencyTest/impl/src/main/resources
2012-01-30 10:57:17,128 [Worker-14] INFO  o.e.m.c.i.embedder.EclipseLogger - Using 'UTF-8' encoding to copy filtered resources.
2012-01-30 10:57:17,129 [Worker-14] INFO  o.e.m.c.i.embedder.EclipseLogger - skip non existing resourceDirectory /Users/ravi/projects/BNDToolsDependencyTest/impl/src/test/resources
2012-01-30 10:57:33,178 [Worker-15] INFO  o.e.m.c.i.embedder.EclipseLogger - Using 'UTF-8' encoding to copy filtered resources.
2012-01-30 10:57:33,178 [Worker-15] INFO  o.e.m.c.i.embedder.EclipseLogger - skip non existing resourceDirectory /Users/ravi/projects/BNDToolsDependencyTest/api/src/main/resources
2012-01-30 10:57:33,180 [Worker-15] INFO  o.e.m.c.i.embedder.EclipseLogger - Using 'UTF-8' encoding to copy filtered resources.
2012-01-30 10:57:33,180 [Worker-15] INFO  o.e.m.c.i.embedder.EclipseLogger - skip non existing resourceDirectory /Users/ravi/projects/BNDToolsDependencyTest/api/src/test/resources
2012-01-30 10:57:33,285 [Worker-15] INFO  o.e.m.c.i.embedder.EclipseLogger - Using 'UTF-8' encoding to copy filtered resources.
2012-01-30 10:57:33,286 [Worker-15] INFO  o.e.m.c.i.embedder.EclipseLogger - skip non existing resourceDirectory /Users/ravi/projects/BNDToolsDependencyTest/impl/src/main/resources
2012-01-30 10:57:33,287 [Worker-15] INFO  o.e.m.c.i.embedder.EclipseLogger - Using 'UTF-8' encoding to copy filtered resources.
2012-01-30 10:57:33,288 [Worker-15] INFO  o.e.m.c.i.embedder.EclipseLogger - skip non existing resourceDirectory /Users/ravi/projects/BNDToolsDependencyTest/impl/src/test/resources
2012-01-30 10:58:00,723 [Worker-15] INFO  o.e.m.c.i.embedder.EclipseLogger - Using 'UTF-8' encoding to copy filtered resources.
2012-01-30 10:58:00,724 [Worker-15] INFO  o.e.m.c.i.embedder.EclipseLogger - skip non existing resourceDirectory /Users/ravi/projects/BNDToolsDependencyTest/impl/src/main/resources
2012-01-30 10:58:00,726 [Worker-15] INFO  o.e.m.c.i.embedder.EclipseLogger - Using 'UTF-8' encoding to copy filtered resources.
2012-01-30 10:58:00,726 [Worker-15] INFO  o.e.m.c.i.embedder.EclipseLogger - skip non existing resourceDirectory /Users/ravi/projects/BNDToolsDependencyTest/impl/src/test/resources
2012-01-30 10:58:09,459 [Worker-3] INFO  o.e.m.c.i.embedder.EclipseLogger - Using 'UTF-8' encoding to copy filtered resources.
2012-01-30 10:58:09,459 [Worker-3] INFO  o.e.m.c.i.embedder.EclipseLogger - skip non existing resourceDirectory /Users/ravi/projects/BNDToolsDependencyTest/impl/src/main/resources
2012-01-30 10:58:09,461 [Worker-3] INFO  o.e.m.c.i.embedder.EclipseLogger - Using 'UTF-8' encoding to copy filtered resources.
2012-01-30 10:58:09,461 [Worker-3] INFO  o.e.m.c.i.embedder.EclipseLogger - skip non existing resourceDirectory /Users/ravi/projects/BNDToolsDependencyTest/impl/src/test/resources
2012-01-30 10:58:19,551 [Worker-16] INFO  o.e.m.c.i.embedder.EclipseLogger - Using 'UTF-8' encoding to copy filtered resources.
2012-01-30 10:58:19,551 [Worker-16] INFO  o.e.m.c.i.embedder.EclipseLogger - skip non existing resourceDirectory /Users/ravi/projects/BNDToolsDependencyTest/impl/src/main/resources
2012-01-30 10:58:19,552 [Worker-16] INFO  o.e.m.c.i.embedder.EclipseLogger - Using 'UTF-8' encoding to copy filtered resources.
2012-01-30 10:58:19,552 [Worker-16] INFO  o.e.m.c.i.embedder.EclipseLogger - skip non existing resourceDirectory /Users/ravi/projects/BNDToolsDependencyTest/impl/src/test/resources
2012-01-30 10:58:23,842 [Worker-3] INFO  o.e.m.c.i.embedder.EclipseLogger - Using 'UTF-8' encoding to copy filtered resources.
2012-01-30 10:58:23,842 [Worker-3] INFO  o.e.m.c.i.embedder.EclipseLogger - skip non existing resourceDirectory /Users/ravi/projects/BNDToolsDependencyTest/impl/src/main/resources
2012-01-30 10:58:23,843 [Worker-3] INFO  o.e.m.c.i.embedder.EclipseLogger - Using 'UTF-8' encoding to copy filtered resources.
2012-01-30 10:58:23,844 [Worker-3] INFO  o.e.m.c.i.embedder.EclipseLogger - skip non existing resourceDirectory /Users/ravi/projects/BNDToolsDependencyTest/impl/src/test/resources
2012-01-30 10:59:14,119 [Worker-2] INFO  o.e.m.c.i.embedder.EclipseLogger - Using 'UTF-8' encoding to copy filtered resources.
2012-01-30 10:59:14,120 [Worker-2] INFO  o.e.m.c.i.embedder.EclipseLogger - skip non existing resourceDirectory /Users/ravi/projects/BNDToolsDependencyTest/impl/src/main/resources
2012-01-30 10:59:14,121 [Worker-2] INFO  o.e.m.c.i.embedder.EclipseLogger - Using 'UTF-8' encoding to copy filtered resources.
2012-01-30 10:59:14,121 [Worker-2] INFO  o.e.m.c.i.embedder.EclipseLogger - skip non existing resourceDirectory /Users/ravi/projects/BNDToolsDependencyTest/impl/src/test/resources
